c:\users\natea\source\repos\good vapes order tool gui\good vapes order tool gui\debug\good vapes order tool gui.pch
c:\users\natea\source\repos\good vapes order tool gui\good vapes order tool gui\debug\vc141.pdb
c:\users\natea\source\repos\good vapes order tool gui\good vapes order tool gui\debug\stdafx.obj
c:\users\natea\source\repos\good vapes order tool gui\good vapes order tool gui\debug\form1.obj
c:\users\natea\source\repos\good vapes order tool gui\good vapes order tool gui\debug\cppclr_winformsprojekt.obj
c:\users\natea\source\repos\good vapes order tool gui\good vapes order tool gui\debug\assemblyinfo.obj
c:\users\natea\source\repos\good vapes order tool gui\good vapes order tool gui\debug\.netframework,version=v4.5.2.assemblyattributes.obj
c:\users\natea\source\repos\good vapes order tool gui\good vapes order tool gui\debug\.netframework,version=v4.5.2.assemblyattributes.asm
c:\users\natea\source\repos\good vapes order tool gui\good vapes order tool gui\debug\c_record.obj
c:\users\natea\source\repos\good vapes order tool gui\good vapes order tool gui\debug\c_bstree.obj
c:\users\natea\source\repos\good vapes order tool gui\good vapes order tool gui\debug\good_vapes_order_tool_gui.form1.resources
c:\users\natea\source\repos\good vapes order tool gui\debug\good vapes order tool gui.exe
c:\users\natea\source\repos\good vapes order tool gui\debug\good vapes order tool gui.pdb
c:\users\natea\source\repos\good vapes order tool gui\good vapes order tool gui\debug\app.res
c:\users\natea\source\repos\good vapes order tool gui\good vapes order tool gui\debug\good vapes order tool gui.vcxproj.generateresource.cache
c:\users\natea\source\repos\good vapes order tool gui\good vapes order tool gui\debug\good vapes order tool gui.vcxprojresolveassemblyreference.cache
c:\users\natea\source\repos\good vapes order tool gui\good vapes order tool gui\debug\good vap.2d141173.tlog\cl.command.1.tlog
c:\users\natea\source\repos\good vapes order tool gui\good vapes order tool gui\debug\good vap.2d141173.tlog\cl.read.1.tlog
c:\users\natea\source\repos\good vapes order tool gui\good vapes order tool gui\debug\good vap.2d141173.tlog\cl.write.1.tlog
c:\users\natea\source\repos\good vapes order tool gui\good vapes order tool gui\debug\good vap.2d141173.tlog\good vapes order tool gui.write.1u.tlog
c:\users\natea\source\repos\good vapes order tool gui\good vapes order tool gui\debug\good vap.2d141173.tlog\link.command.1.tlog
c:\users\natea\source\repos\good vapes order tool gui\good vapes order tool gui\debug\good vap.2d141173.tlog\link.read.1.tlog
c:\users\natea\source\repos\good vapes order tool gui\good vapes order tool gui\debug\good vap.2d141173.tlog\link.write.1.tlog
c:\users\natea\source\repos\good vapes order tool gui\good vapes order tool gui\debug\good vap.2d141173.tlog\metagen.read.1.tlog
c:\users\natea\source\repos\good vapes order tool gui\good vapes order tool gui\debug\good vap.2d141173.tlog\metagen.write.1.tlog
c:\users\natea\source\repos\good vapes order tool gui\good vapes order tool gui\debug\good vap.2d141173.tlog\rc.command.1.tlog
c:\users\natea\source\repos\good vapes order tool gui\good vapes order tool gui\debug\good vap.2d141173.tlog\rc.read.1.tlog
c:\users\natea\source\repos\good vapes order tool gui\good vapes order tool gui\debug\good vap.2d141173.tlog\rc.write.1.tlog
c:\users\natea\source\repos\good vapes order tool gui\good vapes order tool gui\debug\good vap.2d141173.tlog\tzres.dll.bi
