c:\users\narlt\documents\github\good-vapes-order-tool\good vapes order tool gui\good vapes order tool gui\release\good vapes order tool gui.pch
c:\users\narlt\documents\github\good-vapes-order-tool\good vapes order tool gui\good vapes order tool gui\release\vc141.pdb
c:\users\narlt\documents\github\good-vapes-order-tool\good vapes order tool gui\good vapes order tool gui\release\stdafx.obj
c:\users\narlt\documents\github\good-vapes-order-tool\good vapes order tool gui\good vapes order tool gui\release\form1.obj
c:\users\narlt\documents\github\good-vapes-order-tool\good vapes order tool gui\good vapes order tool gui\release\c_record.obj
c:\users\narlt\documents\github\good-vapes-order-tool\good vapes order tool gui\good vapes order tool gui\release\c_bstree.obj
c:\users\narlt\documents\github\good-vapes-order-tool\good vapes order tool gui\good vapes order tool gui\release\cppclr_winformsprojekt.obj
c:\users\narlt\documents\github\good-vapes-order-tool\good vapes order tool gui\good vapes order tool gui\release\assemblyinfo.obj
c:\users\narlt\documents\github\good-vapes-order-tool\good vapes order tool gui\good vapes order tool gui\release\.netframework,version=v4.0.assemblyattributes.obj
c:\users\narlt\documents\github\good-vapes-order-tool\good vapes order tool gui\good vapes order tool gui\release\.netframework,version=v4.0.assemblyattributes.asm
c:\users\narlt\documents\github\good-vapes-order-tool\good vapes order tool gui\good vapes order tool gui\release\good_vapes_order_tool_gui.form1.resources
c:\users\narlt\documents\github\good-vapes-order-tool\good vapes order tool gui\release\good vapes order tool gui.exe
c:\users\narlt\documents\github\good-vapes-order-tool\good vapes order tool gui\release\good vapes order tool gui.pdb
c:\users\narlt\documents\github\good-vapes-order-tool\good vapes order tool gui\good vapes order tool gui\release\app.res
c:\users\narlt\documents\github\good-vapes-order-tool\good vapes order tool gui\good vapes order tool gui\release\good vapes order tool gui.vcxproj.generateresource.cache
c:\users\narlt\documents\github\good-vapes-order-tool\good vapes order tool gui\good vapes order tool gui\release\good vapes order tool gui.vcxprojassemblyreference.cache
c:\users\narlt\documents\github\good-vapes-order-tool\good vapes order tool gui\good vapes order tool gui\release\good vap.2d141173.tlog\cl.command.1.tlog
c:\users\narlt\documents\github\good-vapes-order-tool\good vapes order tool gui\good vapes order tool gui\release\good vap.2d141173.tlog\cl.read.1.tlog
c:\users\narlt\documents\github\good-vapes-order-tool\good vapes order tool gui\good vapes order tool gui\release\good vap.2d141173.tlog\cl.write.1.tlog
c:\users\narlt\documents\github\good-vapes-order-tool\good vapes order tool gui\good vapes order tool gui\release\good vap.2d141173.tlog\good vapes order tool gui.write.1u.tlog
c:\users\narlt\documents\github\good-vapes-order-tool\good vapes order tool gui\good vapes order tool gui\release\good vap.2d141173.tlog\link.command.1.tlog
c:\users\narlt\documents\github\good-vapes-order-tool\good vapes order tool gui\good vapes order tool gui\release\good vap.2d141173.tlog\link.read.1.tlog
c:\users\narlt\documents\github\good-vapes-order-tool\good vapes order tool gui\good vapes order tool gui\release\good vap.2d141173.tlog\link.write.1.tlog
c:\users\narlt\documents\github\good-vapes-order-tool\good vapes order tool gui\good vapes order tool gui\release\good vap.2d141173.tlog\metagen.read.1.tlog
c:\users\narlt\documents\github\good-vapes-order-tool\good vapes order tool gui\good vapes order tool gui\release\good vap.2d141173.tlog\metagen.write.1.tlog
c:\users\narlt\documents\github\good-vapes-order-tool\good vapes order tool gui\good vapes order tool gui\release\good vap.2d141173.tlog\rc.command.1.tlog
c:\users\narlt\documents\github\good-vapes-order-tool\good vapes order tool gui\good vapes order tool gui\release\good vap.2d141173.tlog\rc.read.1.tlog
c:\users\narlt\documents\github\good-vapes-order-tool\good vapes order tool gui\good vapes order tool gui\release\good vap.2d141173.tlog\rc.write.1.tlog
c:\users\narlt\documents\github\good-vapes-order-tool\good vapes order tool gui\good vapes order tool gui\release\good vap.2d141173.tlog\tzres.dll.bi
